Using pre-set license
Built from '2020.3/staging' branch; Version is '2020.3.33f1 (915a7af8b0d5) revision 9525882'; Using compiler version '192528614'; Build Type 'Release'
OS: 'Windows 11  (10.0.22000) 64bit Professional' Language: 'en' Physical Memory: 32695 MB
BatchMode: 1, IsHumanControllingUs: 0, StartBugReporterOnCrash: 0, Is64bit: 1, IsPro: 0

COMMAND LINE ARGUMENTS:
C:\Program Files\Unity\Hub\Editor\2020.3.33f1\Editor\Unity.exe
-adb2
-batchMode
-noUpm
-name
AssetImportWorker0
-projectPath
C:/Users/codif/Solar System
-logFile
Logs/AssetImportWorker0.log
-srvPort
53328
Successfully changed project path to: C:/Users/codif/Solar System
C:/Users/codif/Solar System
Using Asset Import Pipeline V2.
Refreshing native plugins compatible for Editor in 26.30 ms, found 2 plugins.
Preloading 0 native plugins for Editor in 0.00 ms.
Initialize engine version: 2020.3.33f1 (915a7af8b0d5)
[Subsystems] Discovering subsystems at path C:/Program Files/Unity/Hub/Editor/2020.3.33f1/Editor/Data/Resources/UnitySubsystems
[Subsystems] Discovering subsystems at path C:/Users/codif/Solar System/Assets
GfxDevice: creating device client; threaded=0
Direct3D:
    Version:  Direct3D 11.0 [level 11.1]
    Renderer: NVIDIA GeForce RTX 3070 (ID=0x2484)
    Vendor:   
    VRAM:     8043 MB
    Driver:   30.0.15.1179
Initialize mono
Mono path[0] = 'C:/Program Files/Unity/Hub/Editor/2020.3.33f1/Editor/Data/Managed'
Mono path[1] = 'C:/Program Files/Unity/Hub/Editor/2020.3.33f1/Editor/Data/MonoBleedingEdge/lib/mono/unityjit'
Mono config path = 'C:/Program Files/Unity/Hub/Editor/2020.3.33f1/Editor/Data/MonoBleedingEdge/etc'
Using monoOptions --debugger-agent=transport=dt_socket,embedding=1,server=y,suspend=n,address=127.0.0.1:56824
Begin MonoManager ReloadAssembly
Registering precompiled unity dll's ...
Register platform support module: C:/Program Files/Unity/Hub/Editor/2020.3.33f1/Editor/Data/PlaybackEngines/WindowsStandaloneSupport/UnityEditor.WindowsStandalone.Extensions.dll
Registered in 0.001102 seconds.
Native extension for WindowsStandalone target not found
Refreshing native plugins compatible for Editor in 26.92 ms, found 2 plugins.
Preloading 0 native plugins for Editor in 0.00 ms.
Mono: successfully reloaded assembly
- Completed reload, in  0.453 seconds
Domain Reload Profiling:
	ReloadAssembly (453ms)
		BeginReloadAssembly (46ms)
			ExecutionOrderSort (0ms)
			DisableScriptedObjects (0ms)
			BackupInstance (0ms)
			ReleaseScriptingObjects (0ms)
			CreateAndSetChildDomain (1ms)
		EndReloadAssembly (348ms)
			LoadAssemblies (45ms)
			RebuildTransferFunctionScriptingTraits (0ms)
			SetupTypeCache (117ms)
			ReleaseScriptCaches (0ms)
			RebuildScriptCaches (25ms)
			SetupLoadedEditorAssemblies (129ms)
				LogAssemblyErrors (0ms)
				InitializePlatformSupportModulesInManaged (3ms)
				SetLoadedEditorAssemblies (0ms)
				RefreshPlugins (27ms)
				BeforeProcessingInitializeOnLoad (14ms)
				ProcessInitializeOnLoadAttributes (63ms)
				ProcessInitializeOnLoadMethodAttributes (21ms)
				AfterProcessingInitializeOnLoad (0ms)
				EditorAssembliesLoaded (0ms)
			ExecutionOrderSort2 (0ms)
			AwakeInstancesAfterBackupRestoration (0ms)
Platform modules already initialized, skipping
Registering precompiled user dll's ...
Registered in 0.001776 seconds.
Begin MonoManager ReloadAssembly
Symbol file LoadedFromMemory doesn't match image C:\Users\codif\Solar System\Library\PackageCache\com.unity.collab-proxy@1.15.15\Lib\Editor\PlasticSCM\unityplastic.dll
Native extension for WindowsStandalone target not found
Refreshing native plugins compatible for Editor in 0.31 ms, found 2 plugins.
Preloading 0 native plugins for Editor in 0.00 ms.
Mono: successfully reloaded assembly
- Completed reload, in  0.808 seconds
Domain Reload Profiling:
	ReloadAssembly (809ms)
		BeginReloadAssembly (122ms)
			ExecutionOrderSort (0ms)
			DisableScriptedObjects (4ms)
			BackupInstance (0ms)
			ReleaseScriptingObjects (0ms)
			CreateAndSetChildDomain (16ms)
		EndReloadAssembly (635ms)
			LoadAssemblies (71ms)
			RebuildTransferFunctionScriptingTraits (0ms)
			SetupTypeCache (224ms)
			ReleaseScriptCaches (0ms)
			RebuildScriptCaches (36ms)
			SetupLoadedEditorAssemblies (232ms)
				LogAssemblyErrors (0ms)
				InitializePlatformSupportModulesInManaged (3ms)
				SetLoadedEditorAssemblies (0ms)
				RefreshPlugins (0ms)
				BeforeProcessingInitializeOnLoad (61ms)
				ProcessInitializeOnLoadAttributes (156ms)
				ProcessInitializeOnLoadMethodAttributes (7ms)
				AfterProcessingInitializeOnLoad (4ms)
				EditorAssembliesLoaded (0ms)
			ExecutionOrderSort2 (0ms)
			AwakeInstancesAfterBackupRestoration (5ms)
Platform modules already initialized, skipping
========================================================================
Worker process is ready to serve import requests
Launched and connected shader compiler UnityShaderCompiler.exe after 0.05 seconds
Refreshing native plugins compatible for Editor in 0.30 ms, found 2 plugins.
Preloading 0 native plugins for Editor in 0.00 ms.
Unloading 1508 Unused Serialized files (Serialized files now loaded: 0)
System memory in use before: 68.5 MB.
System memory in use after: 68.6 MB.

Unloading 16 unused Assets to reduce memory usage. Loaded Objects now: 1944.
Total: 2.898600 ms (FindLiveObjects: 0.128900 ms CreateObjectMapping: 0.033800 ms MarkObjects: 2.673100 ms  DeleteObjects: 0.061100 ms)

AssetImportParameters requested are different than current active one (requested -> active):
  custom:framework-win-MediaFoundation: 216162199b28c13a410421893ffa2e32 -> 
  custom:video-decoder-ogg-theora: a1e56fd34408186e4bbccfd4996cb3dc -> 
  custom:container-muxer-webm: aa71ff27fc2769a1b78a27578f13a17b -> 
  custom:container-demuxer-webm: 4f35f7cbe854078d1ac9338744f61a02 -> 
  custom:container-demuxer-ogg: 62fdf1f143b41e24485cea50d1cbac27 -> 
  custom:video-encoder-webm-vp8: eb34c28f22e8b96e1ab97ce403110664 -> 
  custom:video-decoder-webm-vp8: 9c59270c3fd7afecdb556c50c9e8de78 -> 
  custom:audio-decoder-ogg-vorbis: bf7c407c2cedff20999df2af8eb42d56 -> 
  custom:audio-encoder-webm-vorbis: bf7c407c2cedff20999df2af8eb42d56 -> 
========================================================================
Received Import Request.
  path: Assets/Scenes
  artifactKey: Guid(8e6cef4648bb9ab48aaabd7a2cfdb48d) Importer(815301076,1909f56bfc062723c751e8b465ee728b)
Start importing Assets/Scenes using Guid(8e6cef4648bb9ab48aaabd7a2cfdb48d) Importer(815301076,1909f56bfc062723c751e8b465ee728b)  -> (artifact id: '3e663f57e52cca20abcdf657dfef1a6d') in 0.006633 seconds 
========================================================================
Received Import Request.
  Time since last request: 0.713683 seconds.
  path: Packages/com.unity.ext.nunit
  artifactKey: Guid(25a477c2f24db8778a4179421a32cc21) Importer(815301076,1909f56bfc062723c751e8b465ee728b)
Start importing Packages/com.unity.ext.nunit using Guid(25a477c2f24db8778a4179421a32cc21) Importer(815301076,1909f56bfc062723c751e8b465ee728b)  -> (artifact id: 'de8b3f671dc9f0a57b867a67d4aae8de') in 0.005995 seconds 
========================================================================
Received Import Request.
  Time since last request: 0.094540 seconds.
  path: Packages/com.unity.ext.nunit/package.json
  artifactKey: Guid(8143d3a8390f2c64685e3bc272bd9e90) Importer(815301076,1909f56bfc062723c751e8b465ee728b)
Start importing Packages/com.unity.ext.nunit/package.json using Guid(8143d3a8390f2c64685e3bc272bd9e90) Importer(815301076,1909f56bfc062723c751e8b465ee728b)  -> (artifact id: '36f449bd9ed4a92e06d659da724da745') in 0.032870 seconds 
========================================================================
Received Import Request.
  Time since last request: 3.542296 seconds.
  path: Assets/Scenes/SampleScene.unity
  artifactKey: Guid(9fc0d4010bbf28b4594072e72b8655ab) Importer(815301076,1909f56bfc062723c751e8b465ee728b)
Start importing Assets/Scenes/SampleScene.unity using Guid(9fc0d4010bbf28b4594072e72b8655ab) Importer(815301076,1909f56bfc062723c751e8b465ee728b)  -> (artifact id: '94c55409359c0051422e58de30b0573d') in 0.006490 seconds 
========================================================================
Received Import Request.
  Time since last request: 283.920188 seconds.
  path: Assets/new.cs
  artifactKey: Guid(cb199e6a6a108214ea7c6032c54fca42) Importer(815301076,1909f56bfc062723c751e8b465ee728b)
Start importing Assets/new.cs using Guid(cb199e6a6a108214ea7c6032c54fca42) Importer(815301076,1909f56bfc062723c751e8b465ee728b)  -> (artifact id: '49820e9ffba250d597f26e20ee46a31e') in 0.007758 seconds 
========================================================================
Received Prepare
Registering precompiled user dll's ...
Registered in 0.001797 seconds.
Begin MonoManager ReloadAssembly
Symbol file LoadedFromMemory doesn't match image C:\Users\codif\Solar System\Library\PackageCache\com.unity.collab-proxy@1.15.15\Lib\Editor\PlasticSCM\unityplastic.dll
Native extension for WindowsStandalone target not found
Refreshing native plugins compatible for Editor in 0.32 ms, found 2 plugins.
Preloading 0 native plugins for Editor in 0.00 ms.
Mono: successfully reloaded assembly
- Completed reload, in  0.737 seconds
Domain Reload Profiling:
	ReloadAssembly (738ms)
		BeginReloadAssembly (89ms)
			ExecutionOrderSort (0ms)
			DisableScriptedObjects (4ms)
			BackupInstance (0ms)
			ReleaseScriptingObjects (0ms)
			CreateAndSetChildDomain (27ms)
		EndReloadAssembly (599ms)
			LoadAssemblies (68ms)
			RebuildTransferFunctionScriptingTraits (0ms)
			SetupTypeCache (211ms)
			ReleaseScriptCaches (1ms)
			RebuildScriptCaches (30ms)
			SetupLoadedEditorAssemblies (216ms)
				LogAssemblyErrors (0ms)
				InitializePlatformSupportModulesInManaged (3ms)
				SetLoadedEditorAssemblies (0ms)
				RefreshPlugins (0ms)
				BeforeProcessingInitializeOnLoad (56ms)
				ProcessInitializeOnLoadAttributes (145ms)
				ProcessInitializeOnLoadMethodAttributes (7ms)
				AfterProcessingInitializeOnLoad (4ms)
				EditorAssembliesLoaded (0ms)
			ExecutionOrderSort2 (0ms)
			AwakeInstancesAfterBackupRestoration (5ms)
Platform modules already initialized, skipping
Refreshing native plugins compatible for Editor in 0.30 ms, found 2 plugins.
Preloading 0 native plugins for Editor in 0.00 ms.
Unloading 1510 Unused Serialized files (Serialized files now loaded: 0)
System memory in use before: 69.5 MB.
System memory in use after: 69.3 MB.

Unloading 12 unused Assets to reduce memory usage. Loaded Objects now: 1954.
Total: 2.648200 ms (FindLiveObjects: 0.123500 ms CreateObjectMapping: 0.032900 ms MarkObjects: 2.333700 ms  DeleteObjects: 0.157400 ms)

AssetImportParameters requested are different than current active one (requested -> active):
  custom:framework-win-MediaFoundation: 216162199b28c13a410421893ffa2e32 -> 
  custom:video-decoder-ogg-theora: a1e56fd34408186e4bbccfd4996cb3dc -> 
  custom:container-muxer-webm: aa71ff27fc2769a1b78a27578f13a17b -> 
  custom:container-demuxer-webm: 4f35f7cbe854078d1ac9338744f61a02 -> 
  custom:container-demuxer-ogg: 62fdf1f143b41e24485cea50d1cbac27 -> 
  custom:video-encoder-webm-vp8: eb34c28f22e8b96e1ab97ce403110664 -> 
  custom:video-decoder-webm-vp8: 9c59270c3fd7afecdb556c50c9e8de78 -> 
  custom:audio-decoder-ogg-vorbis: bf7c407c2cedff20999df2af8eb42d56 -> 
  custom:audio-encoder-webm-vorbis: bf7c407c2cedff20999df2af8eb42d56 -> 
========================================================================
Received Import Request.
  Time since last request: 821.634361 seconds.
  path: Assets/Earth
  artifactKey: Guid(440e03181b24e4841be2bb72346be311) Importer(815301076,1909f56bfc062723c751e8b465ee728b)
Start importing Assets/Earth using Guid(440e03181b24e4841be2bb72346be311) Importer(815301076,1909f56bfc062723c751e8b465ee728b)  -> (artifact id: '81cab6927479cc8da5929c617f1a90fc') in 0.006561 seconds 
========================================================================
Received Import Request.
  Time since last request: 3.141241 seconds.
  path: Assets/Earth/Readme.txt
  artifactKey: Guid(5abae9422d47689429d1c2e57cd4c1e7) Importer(815301076,1909f56bfc062723c751e8b465ee728b)
Start importing Assets/Earth/Readme.txt using Guid(5abae9422d47689429d1c2e57cd4c1e7) Importer(815301076,1909f56bfc062723c751e8b465ee728b)  -> (artifact id: '78a2198e17240893114c2c070113279f') in 0.048974 seconds 
========================================================================
Received Import Request.
  Time since last request: 20.929809 seconds.
  path: Assets/Earth/EarthScene.unity
  artifactKey: Guid(e3523ca6db1f20c458e410e2aba84ee8) Importer(815301076,1909f56bfc062723c751e8b465ee728b)
Start importing Assets/Earth/EarthScene.unity using Guid(e3523ca6db1f20c458e410e2aba84ee8) Importer(815301076,1909f56bfc062723c751e8b465ee728b)  -> (artifact id: 'ce8045c87412ffe72c4c7ca754038930') in 0.005143 seconds 
========================================================================
Received Import Request.
  Time since last request: 7.348737 seconds.
  path: Assets/Earth/Editor
  artifactKey: Guid(399032bd9f7c88f46890d3b536a27294) Importer(815301076,1909f56bfc062723c751e8b465ee728b)
Start importing Assets/Earth/Editor using Guid(399032bd9f7c88f46890d3b536a27294) Importer(815301076,1909f56bfc062723c751e8b465ee728b)  -> (artifact id: '4e2bb7fbede3ec52ddd564b85cfbb292') in 0.005040 seconds 
========================================================================
Received Import Request.
  Time since last request: 0.504444 seconds.
  path: Assets/Earth/Materials
  artifactKey: Guid(08b31b4dc8be1ae4787b4d90fe1a1764) Importer(815301076,1909f56bfc062723c751e8b465ee728b)
Start importing Assets/Earth/Materials using Guid(08b31b4dc8be1ae4787b4d90fe1a1764) Importer(815301076,1909f56bfc062723c751e8b465ee728b)  -> (artifact id: 'b814cde8b32cb869a5b6cebcaca7982b') in 0.004989 seconds 
========================================================================
Received Import Request.
  Time since last request: 0.059690 seconds.
  path: Assets/Earth/Materials/EarthMaterial.mat
  artifactKey: Guid(f7984698def12c74fa2b3aac0d0ac5b0) Importer(815301076,1909f56bfc062723c751e8b465ee728b)
Start importing Assets/Earth/Materials/EarthMaterial.mat using Guid(f7984698def12c74fa2b3aac0d0ac5b0) Importer(815301076,1909f56bfc062723c751e8b465ee728b)  -> (artifact id: '07fe52f961111655e5aad6009fa87347') in 0.241407 seconds 
========================================================================
Received Import Request.
  Time since last request: 0.000200 seconds.
  path: Assets/Earth/Materials/StarfieldMaterial.mat
  artifactKey: Guid(20cdb01e1d91c6746aa1497afcabb355) Importer(815301076,1909f56bfc062723c751e8b465ee728b)
Start importing Assets/Earth/Materials/StarfieldMaterial.mat using Guid(20cdb01e1d91c6746aa1497afcabb355) Importer(815301076,1909f56bfc062723c751e8b465ee728b)  -> (artifact id: 'd2a5246f8591e728b85b5265c6c38125') in 0.286012 seconds 
========================================================================
Received Import Request.
  Time since last request: 56.030836 seconds.
  path: Assets/Earth/Textures/EarthClouds.png
  artifactKey: Guid(961fa74443856d247867fce623b3d325) Importer(815301076,1909f56bfc062723c751e8b465ee728b)
Start importing Assets/Earth/Textures/EarthClouds.png using Guid(961fa74443856d247867fce623b3d325) Importer(815301076,1909f56bfc062723c751e8b465ee728b)  -> (artifact id: '79820d1b286017a985fdabe7c22b29c0') in 0.072254 seconds 
========================================================================
Received Import Request.
  Time since last request: 0.000168 seconds.
  path: Assets/Earth/Textures/EarthStarfield.png
  artifactKey: Guid(436c0fe13f07bf847a6626d843d8659c) Importer(815301076,1909f56bfc062723c751e8b465ee728b)
Start importing Assets/Earth/Textures/EarthStarfield.png using Guid(436c0fe13f07bf847a6626d843d8659c) Importer(815301076,1909f56bfc062723c751e8b465ee728b)  -> (artifact id: 'ec1c8b009487fe828f6f5a8be771c694') in 0.056381 seconds 
========================================================================
Received Import Request.
  Time since last request: 0.000187 seconds.
  path: Assets/Earth/Textures/EarthSpecular.png
  artifactKey: Guid(5ca5bf05f3cb3b046be353275c0ef45c) Importer(815301076,1909f56bfc062723c751e8b465ee728b)
Start importing Assets/Earth/Textures/EarthSpecular.png using Guid(5ca5bf05f3cb3b046be353275c0ef45c) Importer(815301076,1909f56bfc062723c751e8b465ee728b)  -> (artifact id: 'cae9bebd1a71108eb763485fceeab340') in 0.017811 seconds 
========================================================================
Received Import Request.
  Time since last request: 0.000111 seconds.
  path: Assets/Earth/Textures/EarthNormalMap.png
  artifactKey: Guid(c2fa05cb71836f246b5eabf3f3c6151c) Importer(815301076,1909f56bfc062723c751e8b465ee728b)
Start importing Assets/Earth/Textures/EarthNormalMap.png using Guid(c2fa05cb71836f246b5eabf3f3c6151c) Importer(815301076,1909f56bfc062723c751e8b465ee728b)  -> (artifact id: '21cd4448050c65fc51fb2532fd3f1b32') in 0.017162 seconds 
========================================================================
Received Import Request.
  Time since last request: 0.000129 seconds.
  path: Assets/Earth/Textures/EarthLights.png
  artifactKey: Guid(8d73a1f30b7717d4f8f40e2a2128ae7e) Importer(815301076,1909f56bfc062723c751e8b465ee728b)
Start importing Assets/Earth/Textures/EarthLights.png using Guid(8d73a1f30b7717d4f8f40e2a2128ae7e) Importer(815301076,1909f56bfc062723c751e8b465ee728b)  -> (artifact id: 'bc60d803f060cee362dfbe56cd6d6538') in 0.038590 seconds 
========================================================================
Received Import Request.
  Time since last request: 0.000159 seconds.
  path: Assets/Earth/Textures/EarthDiffuse.png
  artifactKey: Guid(7dfcb90673cf9a44281e7da0b32902b2) Importer(815301076,1909f56bfc062723c751e8b465ee728b)
Start importing Assets/Earth/Textures/EarthDiffuse.png using Guid(7dfcb90673cf9a44281e7da0b32902b2) Importer(815301076,1909f56bfc062723c751e8b465ee728b)  -> (artifact id: '2dfca0333d73ae87339063e82b37924c') in 0.037771 seconds 
========================================================================
Received Import Request.
  Time since last request: 17.052145 seconds.
  path: Assets/Earth/Prefab/Earth.prefab
  artifactKey: Guid(c2e22098ce7c8da4590cceb5113bd50e) Importer(815301076,1909f56bfc062723c751e8b465ee728b)
Start importing Assets/Earth/Prefab/Earth.prefab using Guid(c2e22098ce7c8da4590cceb5113bd50e) Importer(815301076,1909f56bfc062723c751e8b465ee728b)  -> (artifact id: '4ae11d038dc73d9c207e393d3ad6ea02') in 0.012924 seconds 
========================================================================
Received Import Request.
  Time since last request: 22.116533 seconds.
  path: Assets/Earth/Materials/EarthShader.shader
  artifactKey: Guid(32a0ef2a7ef59ad47846655a3c02fa8d) Importer(815301076,1909f56bfc062723c751e8b465ee728b)
Start importing Assets/Earth/Materials/EarthShader.shader using Guid(32a0ef2a7ef59ad47846655a3c02fa8d) Importer(815301076,1909f56bfc062723c751e8b465ee728b)  -> (artifact id: '2bc4932cfec853c29b4d6cc2ea7615a2') in 0.007408 seconds 
========================================================================
Received Import Request.
  Time since last request: 41.159529 seconds.
  path: Assets/Earth/Editor/EarthLogo.png
  artifactKey: Guid(3e71bc7402f056148aa97b86bb638763) Importer(815301076,1909f56bfc062723c751e8b465ee728b)
Start importing Assets/Earth/Editor/EarthLogo.png using Guid(3e71bc7402f056148aa97b86bb638763) Importer(815301076,1909f56bfc062723c751e8b465ee728b)  -> (artifact id: 'c28e24b07d68817815ff5c546155b454') in 0.012745 seconds 
========================================================================
Received Prepare
Registering precompiled user dll's ...
Registered in 0.002233 seconds.
Begin MonoManager ReloadAssembly
Symbol file LoadedFromMemory doesn't match image C:\Users\codif\Solar System\Library\PackageCache\com.unity.collab-proxy@1.15.15\Lib\Editor\PlasticSCM\unityplastic.dll
Native extension for WindowsStandalone target not found
Refreshing native plugins compatible for Editor in 0.33 ms, found 2 plugins.
Preloading 0 native plugins for Editor in 0.00 ms.
Mono: successfully reloaded assembly
- Completed reload, in  0.753 seconds
Domain Reload Profiling:
	ReloadAssembly (753ms)
		BeginReloadAssembly (89ms)
			ExecutionOrderSort (0ms)
			DisableScriptedObjects (3ms)
			BackupInstance (0ms)
			ReleaseScriptingObjects (0ms)
			CreateAndSetChildDomain (26ms)
		EndReloadAssembly (613ms)
			LoadAssemblies (72ms)
			RebuildTransferFunctionScriptingTraits (0ms)
			SetupTypeCache (222ms)
			ReleaseScriptCaches (1ms)
			RebuildScriptCaches (30ms)
			SetupLoadedEditorAssemblies (215ms)
				LogAssemblyErrors (0ms)
				InitializePlatformSupportModulesInManaged (4ms)
				SetLoadedEditorAssemblies (0ms)
				RefreshPlugins (0ms)
				BeforeProcessingInitializeOnLoad (57ms)
				ProcessInitializeOnLoadAttributes (143ms)
				ProcessInitializeOnLoadMethodAttributes (7ms)
				AfterProcessingInitializeOnLoad (4ms)
				EditorAssembliesLoaded (0ms)
			ExecutionOrderSort2 (0ms)
			AwakeInstancesAfterBackupRestoration (5ms)
Platform modules already initialized, skipping
Refreshing native plugins compatible for Editor in 0.29 ms, found 2 plugins.
Preloading 0 native plugins for Editor in 0.00 ms.
Unloading 1509 Unused Serialized files (Serialized files now loaded: 0)
System memory in use before: 72.9 MB.
System memory in use after: 73.1 MB.

Unloading 11 unused Assets to reduce memory usage. Loaded Objects now: 2006.
Total: 2.786400 ms (FindLiveObjects: 0.141100 ms CreateObjectMapping: 0.039600 ms MarkObjects: 2.588100 ms  DeleteObjects: 0.016800 ms)

AssetImportParameters requested are different than current active one (requested -> active):
  custom:framework-win-MediaFoundation: 216162199b28c13a410421893ffa2e32 -> 
  custom:video-decoder-ogg-theora: a1e56fd34408186e4bbccfd4996cb3dc -> 
  custom:container-muxer-webm: aa71ff27fc2769a1b78a27578f13a17b -> 
  custom:container-demuxer-webm: 4f35f7cbe854078d1ac9338744f61a02 -> 
  custom:container-demuxer-ogg: 62fdf1f143b41e24485cea50d1cbac27 -> 
  custom:video-encoder-webm-vp8: eb34c28f22e8b96e1ab97ce403110664 -> 
  custom:video-decoder-webm-vp8: 9c59270c3fd7afecdb556c50c9e8de78 -> 
  custom:audio-decoder-ogg-vorbis: bf7c407c2cedff20999df2af8eb42d56 -> 
  custom:audio-encoder-webm-vorbis: bf7c407c2cedff20999df2af8eb42d56 -> 
AssetImportWorkerClient::OnTransportError - code=2 error=End of file
